<?xml version="1.0" encoding="UTF-8"?>
<!-- Generated by org.testng.reporters.JUnitReportReporter -->
<testsuite skipped="0" hostname="DESKTOP-JT7PQM5" name="com.selenium.Extent.Extent_Report_Using_POM" tests="1" failures="0" timestamp="19 Nov 2017 12:49:58 GMT" time="2.221" errors="0">
  <testcase name="log" time="2.221" classname="com.selenium.Extent.Extent_Report_Using_POM"/>
</testsuite> <!-- com.selenium.Extent.Extent_Report_Using_POM -->
