<?xml version="1.0" encoding="UTF-8"?>
<!-- Generated by org.testng.reporters.JUnitReportReporter -->
<testsuite skipped="0" hostname="DESKTOP-JT7PQM5" name="com.selenium.OrangeHRM.Atul_Project.OrangeHRM_Utility" tests="1" failures="0" timestamp="07 Nov 2017 02:35:29 GMT" time="11.005" errors="0">
  <testcase name="f" time="11.005" classname="com.selenium.OrangeHRM.Atul_Project.OrangeHRM_Utility"/>
</testsuite> <!-- com.selenium.OrangeHRM.Atul_Project.OrangeHRM_Utility -->
